  RadixSorter.cpp
d:\github\university-works\algorithms\cpprevision2018\cpprevision2018\arraysorter.h(23): warning C4661: 'ArraySorter<int>::ArraySorter(std::vector<T,std::allocator<_Ty>>)': no suitable definition provided for explicit template instantiation request
          with
          [
              T=int,
              _Ty=int
          ]
  d:\github\university-works\algorithms\cpprevision2018\cpprevision2018\arraysorter.h(12): note: see declaration of 'ArraySorter<int>::ArraySorter'
d:\github\university-works\algorithms\cpprevision2018\cpprevision2018\arraysorter.h(23): warning C4661: 'ArraySorter<int>::ArraySorter(void)': no suitable definition provided for explicit template instantiation request
  d:\github\university-works\algorithms\cpprevision2018\cpprevision2018\arraysorter.h(11): note: see declaration of 'ArraySorter<int>::ArraySorter'
d:\github\university-works\algorithms\cpprevision2018\cpprevision2018\arraysorter.h(23): warning C4661: 'ArraySorter<int>::~ArraySorter(void)': no suitable definition provided for explicit template instantiation request
  d:\github\university-works\algorithms\cpprevision2018\cpprevision2018\arraysorter.h(14): note: see declaration of 'ArraySorter<int>::~ArraySorter'
d:\github\university-works\algorithms\cpprevision2018\cpprevision2018\arraysorter.h(23): warning C4661: 'void ArraySorter<int>::print(void)': no suitable definition provided for explicit template instantiation request
  d:\github\university-works\algorithms\cpprevision2018\cpprevision2018\arraysorter.h(19): note: see declaration of 'ArraySorter<int>::print'
d:\github\university-works\algorithms\cpprevision2018\cpprevision2018\arraysorter.h(23): warning C4661: 'double ArraySorter<int>::sorting_time(void)': no suitable definition provided for explicit template instantiation request
  d:\github\university-works\algorithms\cpprevision2018\cpprevision2018\arraysorter.h(20): note: see declaration of 'ArraySorter<int>::sorting_time'
d:\github\university-works\algorithms\cpprevision2018\cpprevision2018\radixsorter.cpp(46): warning C4018: '<': signed/unsigned mismatch
  d:\github\university-works\algorithms\cpprevision2018\cpprevision2018\radixsorter.cpp(44): note: while compiling class template member function 'int RadixSorter<int>::getMax(void)'
  d:\github\university-works\algorithms\cpprevision2018\cpprevision2018\radixsorter.cpp(31): note: see reference to function template instantiation 'int RadixSorter<int>::getMax(void)' being compiled
  d:\github\university-works\algorithms\cpprevision2018\cpprevision2018\radixsorter.cpp(87): note: see reference to class template instantiation 'RadixSorter<int>' being compiled
d:\github\university-works\algorithms\cpprevision2018\cpprevision2018\radixsorter.cpp(12): warning C4661: 'ArraySorter<int>::ArraySorter(std::vector<T,std::allocator<_Ty>>)': no suitable definition provided for explicit template instantiation request
          with
          [
              T=int,
              _Ty=int
          ]
  d:\github\university-works\algorithms\cpprevision2018\cpprevision2018\arraysorter.h(12): note: see declaration of 'ArraySorter<int>::ArraySorter'
d:\github\university-works\algorithms\cpprevision2018\cpprevision2018\radixsorter.cpp(12): warning C4661: 'ArraySorter<int>::ArraySorter(void)': no suitable definition provided for explicit template instantiation request
  d:\github\university-works\algorithms\cpprevision2018\cpprevision2018\arraysorter.h(11): note: see declaration of 'ArraySorter<int>::ArraySorter'
d:\github\university-works\algorithms\cpprevision2018\cpprevision2018\radixsorter.cpp(12): warning C4661: 'ArraySorter<int>::~ArraySorter(void)': no suitable definition provided for explicit template instantiation request
  d:\github\university-works\algorithms\cpprevision2018\cpprevision2018\arraysorter.h(14): note: see declaration of 'ArraySorter<int>::~ArraySorter'
d:\github\university-works\algorithms\cpprevision2018\cpprevision2018\radixsorter.cpp(12): warning C4661: 'void ArraySorter<int>::print(void)': no suitable definition provided for explicit template instantiation request
  d:\github\university-works\algorithms\cpprevision2018\cpprevision2018\arraysorter.h(19): note: see declaration of 'ArraySorter<int>::print'
d:\github\university-works\algorithms\cpprevision2018\cpprevision2018\radixsorter.cpp(12): warning C4661: 'double ArraySorter<int>::sorting_time(void)': no suitable definition provided for explicit template instantiation request
  d:\github\university-works\algorithms\cpprevision2018\cpprevision2018\arraysorter.h(20): note: see declaration of 'ArraySorter<int>::sorting_time'
  CppRevision2018.vcxproj -> D:\Github\University-Works\Algorithms\CppRevision2018\Debug\CppRevision2018.exe
